[2025-07-11T19:28:29.189+0000] {local_task_job_runner.py:120} INFO - ::group::Pre task execution logs
[2025-07-11T19:28:29.234+0000] {taskinstance.py:2076} INFO - Dependencies all met for dep_context=non-requeueable deps ti=<TaskInstance: ml_pipelinev1.faked_dataset_creation_task manual__2025-07-11T19:28:27.709756+00:00 [queued]>
[2025-07-11T19:28:29.247+0000] {taskinstance.py:2076} INFO - Dependencies all met for dep_context=requeueable deps ti=<TaskInstance: ml_pipelinev1.faked_dataset_creation_task manual__2025-07-11T19:28:27.709756+00:00 [queued]>
[2025-07-11T19:28:29.248+0000] {taskinstance.py:2306} INFO - Starting attempt 1 of 1
[2025-07-11T19:28:29.269+0000] {taskinstance.py:2330} INFO - Executing <Task(BashOperator): faked_dataset_creation_task> on 2025-07-11 19:28:27.709756+00:00
[2025-07-11T19:28:29.279+0000] {standard_task_runner.py:63} INFO - Started process 224 to run task
[2025-07-11T19:28:29.284+0000] {standard_task_runner.py:90} INFO - Running: ['***', 'tasks', 'run', 'ml_pipelinev1', 'faked_dataset_creation_task', 'manual__2025-07-11T19:28:27.709756+00:00', '--job-id', '4', '--raw', '--subdir', 'DAGS_FOLDER/ml_pipeline.py', '--cfg-path', '/tmp/tmpqvy7oz90']
[2025-07-11T19:28:29.287+0000] {standard_task_runner.py:91} INFO - Job 4: Subtask faked_dataset_creation_task
[2025-07-11T19:28:29.351+0000] {task_command.py:426} INFO - Running <TaskInstance: ml_pipelinev1.faked_dataset_creation_task manual__2025-07-11T19:28:27.709756+00:00 [running]> on host 9c8ac9649d23
[2025-07-11T19:28:29.461+0000] {taskinstance.py:2648} INFO - Exporting env vars: AIRFLOW_CTX_DAG_OWNER='Ebrahim Emad' AIRFLOW_CTX_DAG_ID='ml_pipelinev1' AIRFLOW_CTX_TASK_ID='faked_dataset_creation_task' AIRFLOW_CTX_EXECUTION_DATE='2025-07-11T19:28:27.709756+00:00' AIRFLOW_CTX_TRY_NUMBER='1' AIRFLOW_CTX_DAG_RUN_ID='manual__2025-07-11T19:28:27.709756+00:00'
[2025-07-11T19:28:29.462+0000] {taskinstance.py:430} INFO - ::endgroup::
[2025-07-11T19:28:29.482+0000] {subprocess.py:63} INFO - Tmp dir root location: /tmp
[2025-07-11T19:28:29.483+0000] {subprocess.py:75} INFO - Running command: ['/usr/bin/bash', '-c', '\n        echo "Hey the dataset is ready, let\'s trigger the training process"\n        ']
[2025-07-11T19:28:29.500+0000] {subprocess.py:86} INFO - Output:
[2025-07-11T19:28:29.503+0000] {subprocess.py:93} INFO - Hey the dataset is ready, let's trigger the training process
[2025-07-11T19:28:29.503+0000] {subprocess.py:97} INFO - Command exited with return code 0
[2025-07-11T19:28:29.504+0000] {taskinstance.py:441} INFO - ::group::Post task execution logs
[2025-07-11T19:28:29.539+0000] {taskinstance.py:1206} INFO - Marking task as SUCCESS. dag_id=ml_pipelinev1, task_id=faked_dataset_creation_task, run_id=manual__2025-07-11T19:28:27.709756+00:00, execution_date=20250711T192827, start_date=20250711T192829, end_date=20250711T192829
[2025-07-11T19:28:29.576+0000] {local_task_job_runner.py:240} INFO - Task exited with return code 0
[2025-07-11T19:28:29.607+0000] {taskinstance.py:3498} INFO - 1 downstream tasks scheduled from follow-on schedule check
[2025-07-11T19:28:29.609+0000] {local_task_job_runner.py:222} INFO - ::endgroup::
