[2025-07-11T19:17:40.651+0000] {manager.py:470} INFO - Processing files using up to 2 processes at a time 
[2025-07-11T19:17:40.651+0000] {manager.py:471} INFO - Process each file at most once every 30 seconds
[2025-07-11T19:17:40.651+0000] {manager.py:472} INFO - Checking for new files in /opt/airflow/dags every 300 seconds
[2025-07-11T19:17:40.651+0000] {manager.py:737} INFO - Searching for files in /opt/airflow/dags
[2025-07-11T19:17:40.652+0000] {manager.py:740} INFO - There are 1 files in /opt/airflow/dags
[2025-07-11T19:17:40.901+0000] {manager.py:878} INFO - 
================================================================================
DAG File Processing Stats

File Path                           PID  Runtime      # DAGs    # Errors  Last Runtime    Last Run
--------------------------------  -----  ---------  --------  ----------  --------------  ----------
/opt/airflow/dags/ml_pipeline.py    183  0.02s             0           0
================================================================================
[2025-07-11T19:18:11.044+0000] {manager.py:878} INFO - 
================================================================================
DAG File Processing Stats

File Path                           PID  Runtime      # DAGs    # Errors  Last Runtime    Last Run
--------------------------------  -----  ---------  --------  ----------  --------------  -------------------
/opt/airflow/dags/ml_pipeline.py    188  0.01s             0           1  0.04s           2025-07-11T19:17:40
================================================================================
[2025-07-11T19:18:41.228+0000] {manager.py:878} INFO - 
================================================================================
DAG File Processing Stats

File Path                           PID  Runtime      # DAGs    # Errors  Last Runtime    Last Run
--------------------------------  -----  ---------  --------  ----------  --------------  -------------------
/opt/airflow/dags/ml_pipeline.py    193  0.01s             0           1  0.10s           2025-07-11T19:18:11
================================================================================
[2025-07-11T19:19:11.437+0000] {manager.py:878} INFO - 
================================================================================
DAG File Processing Stats

File Path                           PID  Runtime      # DAGs    # Errors  Last Runtime    Last Run
--------------------------------  -----  ---------  --------  ----------  --------------  -------------------
/opt/airflow/dags/ml_pipeline.py    198  0.01s             0           1  0.09s           2025-07-11T19:18:41
================================================================================
[2025-07-11T19:19:41.649+0000] {manager.py:878} INFO - 
================================================================================
DAG File Processing Stats

File Path                         PID    Runtime      # DAGs    # Errors  Last Runtime    Last Run
--------------------------------  -----  ---------  --------  ----------  --------------  -------------------
/opt/airflow/dags/ml_pipeline.py                           0           1  0.09s           2025-07-11T19:19:21
================================================================================
[2025-07-11T19:20:11.830+0000] {manager.py:878} INFO - 
================================================================================
DAG File Processing Stats

File Path                         PID    Runtime      # DAGs    # Errors  Last Runtime    Last Run
--------------------------------  -----  ---------  --------  ----------  --------------  -------------------
/opt/airflow/dags/ml_pipeline.py                           0           1  0.10s           2025-07-11T19:19:51
================================================================================
[2025-07-11T19:20:42.036+0000] {manager.py:878} INFO - 
================================================================================
DAG File Processing Stats

File Path                         PID    Runtime      # DAGs    # Errors  Last Runtime    Last Run
--------------------------------  -----  ---------  --------  ----------  --------------  -------------------
/opt/airflow/dags/ml_pipeline.py                           0           1  0.09s           2025-07-11T19:20:21
================================================================================
[2025-07-11T19:21:12.215+0000] {manager.py:878} INFO - 
================================================================================
DAG File Processing Stats

File Path                         PID    Runtime      # DAGs    # Errors  Last Runtime    Last Run
--------------------------------  -----  ---------  --------  ----------  --------------  -------------------
/opt/airflow/dags/ml_pipeline.py                           0           1  0.09s           2025-07-11T19:20:52
================================================================================
[2025-07-11T19:21:42.427+0000] {manager.py:878} INFO - 
================================================================================
DAG File Processing Stats

File Path                         PID    Runtime      # DAGs    # Errors  Last Runtime    Last Run
--------------------------------  -----  ---------  --------  ----------  --------------  -------------------
/opt/airflow/dags/ml_pipeline.py                           0           1  0.08s           2025-07-11T19:21:22
================================================================================
[2025-07-11T19:22:12.600+0000] {manager.py:878} INFO - 
================================================================================
DAG File Processing Stats

File Path                         PID    Runtime      # DAGs    # Errors  Last Runtime    Last Run
--------------------------------  -----  ---------  --------  ----------  --------------  -------------------
/opt/airflow/dags/ml_pipeline.py                           0           1  0.09s           2025-07-11T19:21:47
================================================================================
[2025-07-11T19:22:40.904+0000] {manager.py:737} INFO - Searching for files in /opt/airflow/dags
[2025-07-11T19:22:40.907+0000] {manager.py:740} INFO - There are 1 files in /opt/airflow/dags
[2025-07-11T19:22:42.932+0000] {manager.py:878} INFO - 
================================================================================
DAG File Processing Stats

File Path                         PID    Runtime      # DAGs    # Errors  Last Runtime    Last Run
--------------------------------  -----  ---------  --------  ----------  --------------  -------------------
/opt/airflow/dags/ml_pipeline.py                           0           1  0.09s           2025-07-11T19:22:25
================================================================================
[2025-07-11T19:23:13.109+0000] {manager.py:878} INFO - 
================================================================================
DAG File Processing Stats

File Path                         PID    Runtime      # DAGs    # Errors  Last Runtime    Last Run
--------------------------------  -----  ---------  --------  ----------  --------------  -------------------
/opt/airflow/dags/ml_pipeline.py                           0           1  0.10s           2025-07-11T19:22:56
================================================================================
[2025-07-11T19:23:43.315+0000] {manager.py:878} INFO - 
================================================================================
DAG File Processing Stats

File Path                         PID    Runtime      # DAGs    # Errors  Last Runtime    Last Run
--------------------------------  -----  ---------  --------  ----------  --------------  -------------------
/opt/airflow/dags/ml_pipeline.py                           0           1  0.09s           2025-07-11T19:23:26
================================================================================
[2025-07-11T19:24:13.488+0000] {manager.py:878} INFO - 
================================================================================
DAG File Processing Stats

File Path                         PID    Runtime      # DAGs    # Errors  Last Runtime    Last Run
--------------------------------  -----  ---------  --------  ----------  --------------  -------------------
/opt/airflow/dags/ml_pipeline.py                           0           1  0.10s           2025-07-11T19:23:49
================================================================================
[2025-07-11T19:24:43.692+0000] {manager.py:878} INFO - 
================================================================================
DAG File Processing Stats

File Path                         PID    Runtime      # DAGs    # Errors  Last Runtime    Last Run
--------------------------------  -----  ---------  --------  ----------  --------------  -------------------
/opt/airflow/dags/ml_pipeline.py                           0           1  0.10s           2025-07-11T19:24:19
================================================================================
[2025-07-11T19:25:13.947+0000] {manager.py:878} INFO - 
================================================================================
DAG File Processing Stats

File Path                         PID    Runtime      # DAGs    # Errors  Last Runtime    Last Run
--------------------------------  -----  ---------  --------  ----------  --------------  -------------------
/opt/airflow/dags/ml_pipeline.py                           1           0  0.37s           2025-07-11T19:24:58
================================================================================
[2025-07-11T19:25:44.400+0000] {manager.py:878} INFO - 
================================================================================
DAG File Processing Stats

File Path                         PID    Runtime      # DAGs    # Errors  Last Runtime    Last Run
--------------------------------  -----  ---------  --------  ----------  --------------  -------------------
/opt/airflow/dags/ml_pipeline.py                           1           0  0.21s           2025-07-11T19:25:28
================================================================================
[2025-07-11T19:26:52.608+0000] {manager.py:470} INFO - Processing files using up to 2 processes at a time 
[2025-07-11T19:26:52.609+0000] {manager.py:471} INFO - Process each file at most once every 30 seconds
[2025-07-11T19:26:52.609+0000] {manager.py:472} INFO - Checking for new files in /opt/airflow/dags every 300 seconds
[2025-07-11T19:26:52.609+0000] {manager.py:737} INFO - Searching for files in /opt/airflow/dags
[2025-07-11T19:26:52.610+0000] {manager.py:740} INFO - There are 1 files in /opt/airflow/dags
[2025-07-11T19:26:52.948+0000] {manager.py:878} INFO - 
================================================================================
DAG File Processing Stats

File Path                           PID  Runtime      # DAGs    # Errors  Last Runtime    Last Run
--------------------------------  -----  ---------  --------  ----------  --------------  ----------
/opt/airflow/dags/ml_pipeline.py    183  0.03s             0           0
================================================================================
[2025-07-11T19:27:23.074+0000] {manager.py:878} INFO - 
================================================================================
DAG File Processing Stats

File Path                         PID    Runtime      # DAGs    # Errors  Last Runtime    Last Run
--------------------------------  -----  ---------  --------  ----------  --------------  -------------------
/opt/airflow/dags/ml_pipeline.py                           1           0  0.20s           2025-07-11T19:26:53
================================================================================
[2025-07-11T19:27:53.400+0000] {manager.py:878} INFO - 
================================================================================
DAG File Processing Stats

File Path                         PID    Runtime      # DAGs    # Errors  Last Runtime    Last Run
--------------------------------  -----  ---------  --------  ----------  --------------  -------------------
/opt/airflow/dags/ml_pipeline.py                           1           0  0.17s           2025-07-11T19:27:23
================================================================================
[2025-07-11T19:28:24.176+0000] {manager.py:878} INFO - 
================================================================================
DAG File Processing Stats

File Path                         PID    Runtime      # DAGs    # Errors  Last Runtime    Last Run
--------------------------------  -----  ---------  --------  ----------  --------------  -------------------
/opt/airflow/dags/ml_pipeline.py                           1           0  0.32s           2025-07-11T19:28:19
================================================================================
[2025-07-11T19:28:54.520+0000] {manager.py:878} INFO - 
================================================================================
DAG File Processing Stats

File Path                         PID    Runtime      # DAGs    # Errors  Last Runtime    Last Run
--------------------------------  -----  ---------  --------  ----------  --------------  -------------------
/opt/airflow/dags/ml_pipeline.py                           1           0  0.30s           2025-07-11T19:28:49
================================================================================
[2025-07-11T19:29:24.974+0000] {manager.py:878} INFO - 
================================================================================
DAG File Processing Stats

File Path                           PID  Runtime      # DAGs    # Errors  Last Runtime    Last Run
--------------------------------  -----  ---------  --------  ----------  --------------  -------------------
/opt/airflow/dags/ml_pipeline.py    248  0.01s             1           0  0.20s           2025-07-11T19:29:16
================================================================================
[2025-07-11T19:29:55.209+0000] {manager.py:878} INFO - 
================================================================================
DAG File Processing Stats

File Path                         PID    Runtime      # DAGs    # Errors  Last Runtime    Last Run
--------------------------------  -----  ---------  --------  ----------  --------------  -------------------
/opt/airflow/dags/ml_pipeline.py                           1           0  0.30s           2025-07-11T19:29:25
================================================================================
[2025-07-11T19:30:25.565+0000] {manager.py:878} INFO - 
================================================================================
DAG File Processing Stats

File Path                         PID    Runtime      # DAGs    # Errors  Last Runtime    Last Run
--------------------------------  -----  ---------  --------  ----------  --------------  -------------------
/opt/airflow/dags/ml_pipeline.py                           1           0  0.21s           2025-07-11T19:29:55
================================================================================
[2025-07-12T04:10:18.621+0000] {manager.py:470} INFO - Processing files using up to 2 processes at a time 
[2025-07-12T04:10:18.629+0000] {manager.py:471} INFO - Process each file at most once every 30 seconds
[2025-07-12T04:10:18.629+0000] {manager.py:472} INFO - Checking for new files in /opt/airflow/dags every 300 seconds
[2025-07-12T04:10:18.630+0000] {manager.py:737} INFO - Searching for files in /opt/airflow/dags
[2025-07-12T04:10:18.631+0000] {manager.py:740} INFO - There are 1 files in /opt/airflow/dags
[2025-07-12T04:10:18.840+0000] {manager.py:878} INFO - 
================================================================================
DAG File Processing Stats

File Path                           PID  Runtime      # DAGs    # Errors  Last Runtime    Last Run
--------------------------------  -----  ---------  --------  ----------  --------------  ----------
/opt/airflow/dags/ml_pipeline.py    183  0.03s             0           0
================================================================================
[2025-07-12T04:10:49.003+0000] {manager.py:878} INFO - 
================================================================================
DAG File Processing Stats

File Path                         PID    Runtime      # DAGs    # Errors  Last Runtime    Last Run
--------------------------------  -----  ---------  --------  ----------  --------------  -------------------
/opt/airflow/dags/ml_pipeline.py                           0           1  0.07s           2025-07-12T04:10:23
================================================================================
[2025-07-12T04:11:19.218+0000] {manager.py:878} INFO - 
================================================================================
DAG File Processing Stats

File Path                         PID    Runtime      # DAGs    # Errors  Last Runtime    Last Run
--------------------------------  -----  ---------  --------  ----------  --------------  -------------------
/opt/airflow/dags/ml_pipeline.py                           0           1  0.10s           2025-07-12T04:10:54
================================================================================
[2025-07-12T04:11:49.416+0000] {manager.py:878} INFO - 
================================================================================
DAG File Processing Stats

File Path                         PID    Runtime      # DAGs    # Errors  Last Runtime    Last Run
--------------------------------  -----  ---------  --------  ----------  --------------  -------------------
/opt/airflow/dags/ml_pipeline.py                           0           1  0.09s           2025-07-12T04:11:24
================================================================================
[2025-07-12T04:12:19.614+0000] {manager.py:878} INFO - 
================================================================================
DAG File Processing Stats

File Path                         PID    Runtime      # DAGs    # Errors  Last Runtime    Last Run
--------------------------------  -----  ---------  --------  ----------  --------------  -------------------
/opt/airflow/dags/ml_pipeline.py                           0           1  0.08s           2025-07-12T04:11:54
================================================================================
[2025-07-12T04:12:49.888+0000] {manager.py:878} INFO - 
================================================================================
DAG File Processing Stats

File Path                         PID    Runtime      # DAGs    # Errors  Last Runtime    Last Run
--------------------------------  -----  ---------  --------  ----------  --------------  -------------------
/opt/airflow/dags/ml_pipeline.py                           0           1  0.07s           2025-07-12T04:12:48
================================================================================
[2025-07-12T04:13:20.081+0000] {manager.py:878} INFO - 
================================================================================
DAG File Processing Stats

File Path                         PID    Runtime      # DAGs    # Errors  Last Runtime    Last Run
--------------------------------  -----  ---------  --------  ----------  --------------  -------------------
/opt/airflow/dags/ml_pipeline.py                           0           1  0.08s           2025-07-12T04:12:52
================================================================================
[2025-07-12T04:13:50.261+0000] {manager.py:878} INFO - 
================================================================================
DAG File Processing Stats

File Path                         PID    Runtime      # DAGs    # Errors  Last Runtime    Last Run
--------------------------------  -----  ---------  --------  ----------  --------------  -------------------
/opt/airflow/dags/ml_pipeline.py                           0           1  0.09s           2025-07-12T04:13:23
================================================================================
[2025-07-12T04:14:20.501+0000] {manager.py:878} INFO - 
================================================================================
DAG File Processing Stats

File Path                         PID    Runtime      # DAGs    # Errors  Last Runtime    Last Run
--------------------------------  -----  ---------  --------  ----------  --------------  -------------------
/opt/airflow/dags/ml_pipeline.py                           0           1  0.08s           2025-07-12T04:14:07
================================================================================
[2025-07-12T04:14:50.723+0000] {manager.py:878} INFO - 
================================================================================
DAG File Processing Stats

File Path                         PID    Runtime      # DAGs    # Errors  Last Runtime    Last Run
--------------------------------  -----  ---------  --------  ----------  --------------  -------------------
/opt/airflow/dags/ml_pipeline.py                           0           1  0.07s           2025-07-12T04:14:47
================================================================================
[2025-07-12T04:15:18.889+0000] {manager.py:737} INFO - Searching for files in /opt/airflow/dags
[2025-07-12T04:15:18.891+0000] {manager.py:740} INFO - There are 1 files in /opt/airflow/dags
[2025-07-12T04:15:20.915+0000] {manager.py:878} INFO - 
================================================================================
DAG File Processing Stats

File Path                         PID    Runtime      # DAGs    # Errors  Last Runtime    Last Run
--------------------------------  -----  ---------  --------  ----------  --------------  -------------------
/opt/airflow/dags/ml_pipeline.py                           0           1  0.08s           2025-07-12T04:15:01
================================================================================
[2025-07-12T04:15:51.154+0000] {manager.py:878} INFO - 
================================================================================
DAG File Processing Stats

File Path                         PID    Runtime      # DAGs    # Errors  Last Runtime    Last Run
--------------------------------  -----  ---------  --------  ----------  --------------  -------------------
/opt/airflow/dags/ml_pipeline.py                           0           1  0.07s           2025-07-12T04:15:37
================================================================================
[2025-07-12T04:16:21.318+0000] {manager.py:878} INFO - 
================================================================================
DAG File Processing Stats

File Path                         PID    Runtime      # DAGs    # Errors  Last Runtime    Last Run
--------------------------------  -----  ---------  --------  ----------  --------------  -------------------
/opt/airflow/dags/ml_pipeline.py                           0           1  0.08s           2025-07-12T04:15:58
================================================================================
[2025-07-12T04:16:51.509+0000] {manager.py:878} INFO - 
================================================================================
DAG File Processing Stats

File Path                         PID    Runtime      # DAGs    # Errors  Last Runtime    Last Run
--------------------------------  -----  ---------  --------  ----------  --------------  -------------------
/opt/airflow/dags/ml_pipeline.py                           0           1  0.09s           2025-07-12T04:16:28
================================================================================
[2025-07-12T04:17:21.742+0000] {manager.py:878} INFO - 
================================================================================
DAG File Processing Stats

File Path                         PID    Runtime      # DAGs    # Errors  Last Runtime    Last Run
--------------------------------  -----  ---------  --------  ----------  --------------  -------------------
/opt/airflow/dags/ml_pipeline.py                           1           0  0.29s           2025-07-12T04:17:00
================================================================================
[2025-07-12T04:17:52.132+0000] {manager.py:878} INFO - 
================================================================================
DAG File Processing Stats

File Path                         PID    Runtime      # DAGs    # Errors  Last Runtime    Last Run
--------------------------------  -----  ---------  --------  ----------  --------------  -------------------
/opt/airflow/dags/ml_pipeline.py                           1           0  0.17s           2025-07-12T04:17:31
================================================================================
[2025-07-12T04:18:22.445+0000] {manager.py:878} INFO - 
================================================================================
DAG File Processing Stats

File Path                         PID    Runtime      # DAGs    # Errors  Last Runtime    Last Run
--------------------------------  -----  ---------  --------  ----------  --------------  -------------------
/opt/airflow/dags/ml_pipeline.py                           1           0  0.18s           2025-07-12T04:18:01
================================================================================
[2025-07-12T04:18:52.750+0000] {manager.py:878} INFO - 
================================================================================
DAG File Processing Stats

File Path                         PID    Runtime      # DAGs    # Errors  Last Runtime    Last Run
--------------------------------  -----  ---------  --------  ----------  --------------  -------------------
/opt/airflow/dags/ml_pipeline.py                           1           0  0.16s           2025-07-12T04:18:31
================================================================================
[2025-07-12T04:19:23.061+0000] {manager.py:878} INFO - 
================================================================================
DAG File Processing Stats

File Path                         PID    Runtime      # DAGs    # Errors  Last Runtime    Last Run
--------------------------------  -----  ---------  --------  ----------  --------------  -------------------
/opt/airflow/dags/ml_pipeline.py                           1           0  0.17s           2025-07-12T04:19:02
================================================================================
[2025-07-12T04:19:53.364+0000] {manager.py:878} INFO - 
================================================================================
DAG File Processing Stats

File Path                         PID    Runtime      # DAGs    # Errors  Last Runtime    Last Run
--------------------------------  -----  ---------  --------  ----------  --------------  -------------------
/opt/airflow/dags/ml_pipeline.py                           1           0  0.10s           2025-07-12T04:19:32
================================================================================
[2025-07-12T04:20:19.568+0000] {manager.py:737} INFO - Searching for files in /opt/airflow/dags
[2025-07-12T04:20:19.570+0000] {manager.py:740} INFO - There are 1 files in /opt/airflow/dags
[2025-07-12T04:20:23.605+0000] {manager.py:878} INFO - 
================================================================================
DAG File Processing Stats

File Path                         PID    Runtime      # DAGs    # Errors  Last Runtime    Last Run
--------------------------------  -----  ---------  --------  ----------  --------------  -------------------
/opt/airflow/dags/ml_pipeline.py                           1           0  0.17s           2025-07-12T04:20:02
================================================================================
[2025-07-12T04:20:53.835+0000] {manager.py:878} INFO - 
================================================================================
DAG File Processing Stats

File Path                         PID    Runtime      # DAGs    # Errors  Last Runtime    Last Run
--------------------------------  -----  ---------  --------  ----------  --------------  -------------------
/opt/airflow/dags/ml_pipeline.py                           1           0  0.15s           2025-07-12T04:20:32
================================================================================
[2025-07-12T04:21:24.067+0000] {manager.py:878} INFO - 
================================================================================
DAG File Processing Stats

File Path                         PID    Runtime      # DAGs    # Errors  Last Runtime    Last Run
--------------------------------  -----  ---------  --------  ----------  --------------  -------------------
/opt/airflow/dags/ml_pipeline.py                           1           0  0.14s           2025-07-12T04:21:03
================================================================================
[2025-07-12T04:21:54.277+0000] {manager.py:878} INFO - 
================================================================================
DAG File Processing Stats

File Path                         PID    Runtime      # DAGs    # Errors  Last Runtime    Last Run
--------------------------------  -----  ---------  --------  ----------  --------------  -------------------
/opt/airflow/dags/ml_pipeline.py                           1           0  0.16s           2025-07-12T04:21:33
================================================================================
[2025-07-12T04:22:24.547+0000] {manager.py:878} INFO - 
================================================================================
DAG File Processing Stats

File Path                         PID    Runtime      # DAGs    # Errors  Last Runtime    Last Run
--------------------------------  -----  ---------  --------  ----------  --------------  -------------------
/opt/airflow/dags/ml_pipeline.py                           1           0  0.15s           2025-07-12T04:22:03
================================================================================
[2025-07-12T04:22:54.734+0000] {manager.py:878} INFO - 
================================================================================
DAG File Processing Stats

File Path                         PID    Runtime      # DAGs    # Errors  Last Runtime    Last Run
--------------------------------  -----  ---------  --------  ----------  --------------  -------------------
/opt/airflow/dags/ml_pipeline.py                           1           0  0.18s           2025-07-12T04:22:33
================================================================================
[2025-07-12T04:23:25.028+0000] {manager.py:878} INFO - 
================================================================================
DAG File Processing Stats

File Path                         PID    Runtime      # DAGs    # Errors  Last Runtime    Last Run
--------------------------------  -----  ---------  --------  ----------  --------------  -------------------
/opt/airflow/dags/ml_pipeline.py                           1           0  0.16s           2025-07-12T04:23:03
================================================================================
[2025-07-12T04:23:55.208+0000] {manager.py:878} INFO - 
================================================================================
DAG File Processing Stats

File Path                         PID    Runtime      # DAGs    # Errors  Last Runtime    Last Run
--------------------------------  -----  ---------  --------  ----------  --------------  -------------------
/opt/airflow/dags/ml_pipeline.py                           1           0  0.17s           2025-07-12T04:23:34
================================================================================
[2025-07-12T04:24:25.515+0000] {manager.py:878} INFO - 
================================================================================
DAG File Processing Stats

File Path                         PID    Runtime      # DAGs    # Errors  Last Runtime    Last Run
--------------------------------  -----  ---------  --------  ----------  --------------  -------------------
/opt/airflow/dags/ml_pipeline.py                           1           0  0.18s           2025-07-12T04:24:04
================================================================================
[2025-07-12T04:24:55.699+0000] {manager.py:878} INFO - 
================================================================================
DAG File Processing Stats

File Path                         PID    Runtime      # DAGs    # Errors  Last Runtime    Last Run
--------------------------------  -----  ---------  --------  ----------  --------------  -------------------
/opt/airflow/dags/ml_pipeline.py                           1           0  0.20s           2025-07-12T04:24:34
================================================================================
[2025-07-12T04:25:19.999+0000] {manager.py:737} INFO - Searching for files in /opt/airflow/dags
[2025-07-12T04:25:20.002+0000] {manager.py:740} INFO - There are 1 files in /opt/airflow/dags
[2025-07-12T04:25:26.051+0000] {manager.py:878} INFO - 
================================================================================
DAG File Processing Stats

File Path                         PID    Runtime      # DAGs    # Errors  Last Runtime    Last Run
--------------------------------  -----  ---------  --------  ----------  --------------  -------------------
/opt/airflow/dags/ml_pipeline.py                           1           0  0.19s           2025-07-12T04:25:05
================================================================================
[2025-07-12T04:25:56.365+0000] {manager.py:878} INFO - 
================================================================================
DAG File Processing Stats

File Path                         PID    Runtime      # DAGs    # Errors  Last Runtime    Last Run
--------------------------------  -----  ---------  --------  ----------  --------------  -------------------
/opt/airflow/dags/ml_pipeline.py                           1           0  0.16s           2025-07-12T04:25:35
================================================================================
[2025-07-12T04:26:26.651+0000] {manager.py:878} INFO - 
================================================================================
DAG File Processing Stats

File Path                         PID    Runtime      # DAGs    # Errors  Last Runtime    Last Run
--------------------------------  -----  ---------  --------  ----------  --------------  -------------------
/opt/airflow/dags/ml_pipeline.py                           1           0  0.20s           2025-07-12T04:26:05
================================================================================
[2025-07-12T04:26:56.867+0000] {manager.py:878} INFO - 
================================================================================
DAG File Processing Stats

File Path                         PID    Runtime      # DAGs    # Errors  Last Runtime    Last Run
--------------------------------  -----  ---------  --------  ----------  --------------  -------------------
/opt/airflow/dags/ml_pipeline.py                           1           0  0.15s           2025-07-12T04:26:35
================================================================================
[2025-07-12T04:27:27.111+0000] {manager.py:878} INFO - 
================================================================================
DAG File Processing Stats

File Path                         PID    Runtime      # DAGs    # Errors  Last Runtime    Last Run
--------------------------------  -----  ---------  --------  ----------  --------------  -------------------
/opt/airflow/dags/ml_pipeline.py                           1           0  0.15s           2025-07-12T04:27:06
================================================================================
[2025-07-12T04:27:57.309+0000] {manager.py:878} INFO - 
================================================================================
DAG File Processing Stats

File Path                         PID    Runtime      # DAGs    # Errors  Last Runtime    Last Run
--------------------------------  -----  ---------  --------  ----------  --------------  -------------------
/opt/airflow/dags/ml_pipeline.py                           1           0  0.15s           2025-07-12T04:27:36
================================================================================
[2025-07-12T04:28:27.565+0000] {manager.py:878} INFO - 
================================================================================
DAG File Processing Stats

File Path                         PID    Runtime      # DAGs    # Errors  Last Runtime    Last Run
--------------------------------  -----  ---------  --------  ----------  --------------  -------------------
/opt/airflow/dags/ml_pipeline.py                           1           0  0.16s           2025-07-12T04:28:06
================================================================================
