[2025-07-12T04:10:18.826+0000] {processor.py:161} INFO - Started process (PID=183) to work on /opt/airflow/dags/ml_pipeline.py
[2025-07-12T04:10:18.827+0000] {processor.py:830} INFO - Processing file /opt/airflow/dags/ml_pipeline.py for tasks to queue
[2025-07-12T04:10:18.828+0000] {logging_mixin.py:188} INFO - [2025-07-12T04:10:18.828+0000] {dagbag.py:545} INFO - Filling up the DagBag from /opt/airflow/dags/ml_pipeline.py
[2025-07-12T04:10:18.830+0000] {logging_mixin.py:188} INFO - [2025-07-12T04:10:18.830+0000] {dagbag.py:355} ERROR - Failed to import: /opt/airflow/dags/ml_pipeline.py
Traceback (most recent call last):
  File "/home/airflow/.local/lib/python3.10/site-packages/airflow/models/dagbag.py", line 351, in parse
    loader.exec_module(new_module)
  File "<frozen importlib._bootstrap_external>", line 883, in exec_module
  File "<frozen importlib._bootstrap>", line 241, in _call_with_frames_removed
  File "/opt/airflow/dags/ml_pipeline.py", line 6, in <module>
    from scripts import code
ImportError: cannot import name 'code' from 'scripts' (unknown location)
[2025-07-12T04:10:18.831+0000] {processor.py:842} WARNING - No viable dags retrieved from /opt/airflow/dags/ml_pipeline.py
[2025-07-12T04:10:18.844+0000] {processor.py:183} INFO - Processing /opt/airflow/dags/ml_pipeline.py took 0.021 seconds
[2025-07-12T04:10:23.881+0000] {processor.py:161} INFO - Started process (PID=188) to work on /opt/airflow/dags/ml_pipeline.py
[2025-07-12T04:10:23.882+0000] {processor.py:830} INFO - Processing file /opt/airflow/dags/ml_pipeline.py for tasks to queue
[2025-07-12T04:10:23.884+0000] {logging_mixin.py:188} INFO - [2025-07-12T04:10:23.883+0000] {dagbag.py:545} INFO - Filling up the DagBag from /opt/airflow/dags/ml_pipeline.py
[2025-07-12T04:10:23.889+0000] {logging_mixin.py:188} INFO - [2025-07-12T04:10:23.888+0000] {dagbag.py:355} ERROR - Failed to import: /opt/airflow/dags/ml_pipeline.py
Traceback (most recent call last):
  File "/home/airflow/.local/lib/python3.10/site-packages/airflow/models/dagbag.py", line 351, in parse
    loader.exec_module(new_module)
  File "<frozen importlib._bootstrap_external>", line 883, in exec_module
  File "<frozen importlib._bootstrap>", line 241, in _call_with_frames_removed
  File "/opt/airflow/dags/ml_pipeline.py", line 6, in <module>
    from scripts import code
ImportError: cannot import name 'code' from 'scripts' (unknown location)
[2025-07-12T04:10:23.889+0000] {processor.py:842} WARNING - No viable dags retrieved from /opt/airflow/dags/ml_pipeline.py
[2025-07-12T04:10:23.914+0000] {processor.py:183} INFO - Processing /opt/airflow/dags/ml_pipeline.py took 0.042 seconds
[2025-07-12T04:10:54.060+0000] {processor.py:161} INFO - Started process (PID=193) to work on /opt/airflow/dags/ml_pipeline.py
[2025-07-12T04:10:54.069+0000] {processor.py:830} INFO - Processing file /opt/airflow/dags/ml_pipeline.py for tasks to queue
[2025-07-12T04:10:54.072+0000] {logging_mixin.py:188} INFO - [2025-07-12T04:10:54.071+0000] {dagbag.py:545} INFO - Filling up the DagBag from /opt/airflow/dags/ml_pipeline.py
[2025-07-12T04:10:54.077+0000] {logging_mixin.py:188} INFO - [2025-07-12T04:10:54.076+0000] {dagbag.py:355} ERROR - Failed to import: /opt/airflow/dags/ml_pipeline.py
Traceback (most recent call last):
  File "/home/airflow/.local/lib/python3.10/site-packages/airflow/models/dagbag.py", line 351, in parse
    loader.exec_module(new_module)
  File "<frozen importlib._bootstrap_external>", line 883, in exec_module
  File "<frozen importlib._bootstrap>", line 241, in _call_with_frames_removed
  File "/opt/airflow/dags/ml_pipeline.py", line 6, in <module>
    from scripts import code
ImportError: cannot import name 'code' from 'scripts' (unknown location)
[2025-07-12T04:10:54.077+0000] {processor.py:842} WARNING - No viable dags retrieved from /opt/airflow/dags/ml_pipeline.py
[2025-07-12T04:10:54.120+0000] {processor.py:183} INFO - Processing /opt/airflow/dags/ml_pipeline.py took 0.071 seconds
[2025-07-12T04:11:24.275+0000] {processor.py:161} INFO - Started process (PID=198) to work on /opt/airflow/dags/ml_pipeline.py
[2025-07-12T04:11:24.284+0000] {processor.py:830} INFO - Processing file /opt/airflow/dags/ml_pipeline.py for tasks to queue
[2025-07-12T04:11:24.286+0000] {logging_mixin.py:188} INFO - [2025-07-12T04:11:24.285+0000] {dagbag.py:545} INFO - Filling up the DagBag from /opt/airflow/dags/ml_pipeline.py
[2025-07-12T04:11:24.291+0000] {logging_mixin.py:188} INFO - [2025-07-12T04:11:24.290+0000] {dagbag.py:355} ERROR - Failed to import: /opt/airflow/dags/ml_pipeline.py
Traceback (most recent call last):
  File "/home/airflow/.local/lib/python3.10/site-packages/airflow/models/dagbag.py", line 351, in parse
    loader.exec_module(new_module)
  File "<frozen importlib._bootstrap_external>", line 883, in exec_module
  File "<frozen importlib._bootstrap>", line 241, in _call_with_frames_removed
  File "/opt/airflow/dags/ml_pipeline.py", line 6, in <module>
    from scripts import code
ImportError: cannot import name 'code' from 'scripts' (unknown location)
[2025-07-12T04:11:24.292+0000] {processor.py:842} WARNING - No viable dags retrieved from /opt/airflow/dags/ml_pipeline.py
[2025-07-12T04:11:24.321+0000] {processor.py:183} INFO - Processing /opt/airflow/dags/ml_pipeline.py took 0.057 seconds
[2025-07-12T04:11:54.474+0000] {processor.py:161} INFO - Started process (PID=203) to work on /opt/airflow/dags/ml_pipeline.py
[2025-07-12T04:11:54.484+0000] {processor.py:830} INFO - Processing file /opt/airflow/dags/ml_pipeline.py for tasks to queue
[2025-07-12T04:11:54.485+0000] {logging_mixin.py:188} INFO - [2025-07-12T04:11:54.485+0000] {dagbag.py:545} INFO - Filling up the DagBag from /opt/airflow/dags/ml_pipeline.py
[2025-07-12T04:11:54.490+0000] {logging_mixin.py:188} INFO - [2025-07-12T04:11:54.489+0000] {dagbag.py:355} ERROR - Failed to import: /opt/airflow/dags/ml_pipeline.py
Traceback (most recent call last):
  File "/home/airflow/.local/lib/python3.10/site-packages/airflow/models/dagbag.py", line 351, in parse
    loader.exec_module(new_module)
  File "<frozen importlib._bootstrap_external>", line 883, in exec_module
  File "<frozen importlib._bootstrap>", line 241, in _call_with_frames_removed
  File "/opt/airflow/dags/ml_pipeline.py", line 6, in <module>
    from scripts import code
ImportError: cannot import name 'code' from 'scripts' (unknown location)
[2025-07-12T04:11:54.491+0000] {processor.py:842} WARNING - No viable dags retrieved from /opt/airflow/dags/ml_pipeline.py
[2025-07-12T04:11:54.518+0000] {processor.py:183} INFO - Processing /opt/airflow/dags/ml_pipeline.py took 0.054 seconds
[2025-07-12T04:12:24.671+0000] {processor.py:161} INFO - Started process (PID=222) to work on /opt/airflow/dags/ml_pipeline.py
[2025-07-12T04:12:24.680+0000] {processor.py:830} INFO - Processing file /opt/airflow/dags/ml_pipeline.py for tasks to queue
[2025-07-12T04:12:24.681+0000] {logging_mixin.py:188} INFO - [2025-07-12T04:12:24.681+0000] {dagbag.py:545} INFO - Filling up the DagBag from /opt/airflow/dags/ml_pipeline.py
[2025-07-12T04:12:24.686+0000] {logging_mixin.py:188} INFO - [2025-07-12T04:12:24.685+0000] {dagbag.py:355} ERROR - Failed to import: /opt/airflow/dags/ml_pipeline.py
Traceback (most recent call last):
  File "/home/airflow/.local/lib/python3.10/site-packages/airflow/models/dagbag.py", line 351, in parse
    loader.exec_module(new_module)
  File "<frozen importlib._bootstrap_external>", line 883, in exec_module
  File "<frozen importlib._bootstrap>", line 241, in _call_with_frames_removed
  File "/opt/airflow/dags/ml_pipeline.py", line 6, in <module>
    from scripts import code
ImportError: cannot import name 'code' from 'scripts' (unknown location)
[2025-07-12T04:12:24.686+0000] {processor.py:842} WARNING - No viable dags retrieved from /opt/airflow/dags/ml_pipeline.py
[2025-07-12T04:12:24.713+0000] {processor.py:183} INFO - Processing /opt/airflow/dags/ml_pipeline.py took 0.052 seconds
[2025-07-12T04:12:45.814+0000] {processor.py:161} INFO - Started process (PID=228) to work on /opt/airflow/dags/ml_pipeline.py
[2025-07-12T04:12:45.815+0000] {processor.py:830} INFO - Processing file /opt/airflow/dags/ml_pipeline.py for tasks to queue
[2025-07-12T04:12:45.816+0000] {logging_mixin.py:188} INFO - [2025-07-12T04:12:45.815+0000] {dagbag.py:545} INFO - Filling up the DagBag from /opt/airflow/dags/ml_pipeline.py
[2025-07-12T04:12:45.820+0000] {logging_mixin.py:188} INFO - [2025-07-12T04:12:45.819+0000] {dagbag.py:355} ERROR - Failed to import: /opt/airflow/dags/ml_pipeline.py
Traceback (most recent call last):
  File "/home/airflow/.local/lib/python3.10/site-packages/airflow/models/dagbag.py", line 351, in parse
    loader.exec_module(new_module)
  File "<frozen importlib._bootstrap_external>", line 883, in exec_module
  File "<frozen importlib._bootstrap>", line 241, in _call_with_frames_removed
  File "/opt/airflow/dags/ml_pipeline.py", line 6, in <module>
    from ..scripts import code
ImportError: attempted relative import with no known parent package
[2025-07-12T04:12:45.821+0000] {processor.py:842} WARNING - No viable dags retrieved from /opt/airflow/dags/ml_pipeline.py
[2025-07-12T04:12:45.850+0000] {processor.py:183} INFO - Processing /opt/airflow/dags/ml_pipeline.py took 0.045 seconds
[2025-07-12T04:12:48.865+0000] {processor.py:161} INFO - Started process (PID=233) to work on /opt/airflow/dags/ml_pipeline.py
[2025-07-12T04:12:48.867+0000] {processor.py:830} INFO - Processing file /opt/airflow/dags/ml_pipeline.py for tasks to queue
[2025-07-12T04:12:48.868+0000] {logging_mixin.py:188} INFO - [2025-07-12T04:12:48.867+0000] {dagbag.py:545} INFO - Filling up the DagBag from /opt/airflow/dags/ml_pipeline.py
[2025-07-12T04:12:48.873+0000] {logging_mixin.py:188} INFO - [2025-07-12T04:12:48.872+0000] {dagbag.py:355} ERROR - Failed to import: /opt/airflow/dags/ml_pipeline.py
Traceback (most recent call last):
  File "/home/airflow/.local/lib/python3.10/site-packages/airflow/models/dagbag.py", line 351, in parse
    loader.exec_module(new_module)
  File "<frozen importlib._bootstrap_external>", line 883, in exec_module
  File "<frozen importlib._bootstrap>", line 241, in _call_with_frames_removed
  File "/opt/airflow/dags/ml_pipeline.py", line 6, in <module>
    from ..scripts import code
ImportError: attempted relative import with no known parent package
[2025-07-12T04:12:48.873+0000] {processor.py:842} WARNING - No viable dags retrieved from /opt/airflow/dags/ml_pipeline.py
[2025-07-12T04:12:48.900+0000] {processor.py:183} INFO - Processing /opt/airflow/dags/ml_pipeline.py took 0.045 seconds
[2025-07-12T04:12:52.934+0000] {processor.py:161} INFO - Started process (PID=238) to work on /opt/airflow/dags/ml_pipeline.py
[2025-07-12T04:12:52.936+0000] {processor.py:830} INFO - Processing file /opt/airflow/dags/ml_pipeline.py for tasks to queue
[2025-07-12T04:12:52.937+0000] {logging_mixin.py:188} INFO - [2025-07-12T04:12:52.937+0000] {dagbag.py:545} INFO - Filling up the DagBag from /opt/airflow/dags/ml_pipeline.py
[2025-07-12T04:12:52.942+0000] {logging_mixin.py:188} INFO - [2025-07-12T04:12:52.940+0000] {dagbag.py:355} ERROR - Failed to import: /opt/airflow/dags/ml_pipeline.py
Traceback (most recent call last):
  File "/home/airflow/.local/lib/python3.10/site-packages/airflow/models/dagbag.py", line 351, in parse
    loader.exec_module(new_module)
  File "<frozen importlib._bootstrap_external>", line 879, in exec_module
  File "<frozen importlib._bootstrap_external>", line 1017, in get_code
  File "<frozen importlib._bootstrap_external>", line 947, in source_to_code
  File "<frozen importlib._bootstrap>", line 241, in _call_with_frames_removed
  File "/opt/airflow/dags/ml_pipeline.py", line 6
    from ../scripts import code
           ^
SyntaxError: invalid syntax
[2025-07-12T04:12:52.942+0000] {processor.py:842} WARNING - No viable dags retrieved from /opt/airflow/dags/ml_pipeline.py
[2025-07-12T04:12:52.970+0000] {processor.py:183} INFO - Processing /opt/airflow/dags/ml_pipeline.py took 0.046 seconds
[2025-07-12T04:13:23.125+0000] {processor.py:161} INFO - Started process (PID=245) to work on /opt/airflow/dags/ml_pipeline.py
[2025-07-12T04:13:23.134+0000] {processor.py:830} INFO - Processing file /opt/airflow/dags/ml_pipeline.py for tasks to queue
[2025-07-12T04:13:23.136+0000] {logging_mixin.py:188} INFO - [2025-07-12T04:13:23.135+0000] {dagbag.py:545} INFO - Filling up the DagBag from /opt/airflow/dags/ml_pipeline.py
[2025-07-12T04:13:23.140+0000] {logging_mixin.py:188} INFO - [2025-07-12T04:13:23.139+0000] {dagbag.py:355} ERROR - Failed to import: /opt/airflow/dags/ml_pipeline.py
Traceback (most recent call last):
  File "/home/airflow/.local/lib/python3.10/site-packages/airflow/models/dagbag.py", line 351, in parse
    loader.exec_module(new_module)
  File "<frozen importlib._bootstrap_external>", line 879, in exec_module
  File "<frozen importlib._bootstrap_external>", line 1017, in get_code
  File "<frozen importlib._bootstrap_external>", line 947, in source_to_code
  File "<frozen importlib._bootstrap>", line 241, in _call_with_frames_removed
  File "/opt/airflow/dags/ml_pipeline.py", line 6
    from ../scripts import code
           ^
SyntaxError: invalid syntax
[2025-07-12T04:13:23.140+0000] {processor.py:842} WARNING - No viable dags retrieved from /opt/airflow/dags/ml_pipeline.py
[2025-07-12T04:13:23.169+0000] {processor.py:183} INFO - Processing /opt/airflow/dags/ml_pipeline.py took 0.054 seconds
[2025-07-12T04:13:53.305+0000] {processor.py:161} INFO - Started process (PID=250) to work on /opt/airflow/dags/ml_pipeline.py
[2025-07-12T04:13:53.315+0000] {processor.py:830} INFO - Processing file /opt/airflow/dags/ml_pipeline.py for tasks to queue
[2025-07-12T04:13:53.316+0000] {logging_mixin.py:188} INFO - [2025-07-12T04:13:53.315+0000] {dagbag.py:545} INFO - Filling up the DagBag from /opt/airflow/dags/ml_pipeline.py
[2025-07-12T04:13:53.320+0000] {logging_mixin.py:188} INFO - [2025-07-12T04:13:53.319+0000] {dagbag.py:355} ERROR - Failed to import: /opt/airflow/dags/ml_pipeline.py
Traceback (most recent call last):
  File "/home/airflow/.local/lib/python3.10/site-packages/airflow/models/dagbag.py", line 351, in parse
    loader.exec_module(new_module)
  File "<frozen importlib._bootstrap_external>", line 879, in exec_module
  File "<frozen importlib._bootstrap_external>", line 1017, in get_code
  File "<frozen importlib._bootstrap_external>", line 947, in source_to_code
  File "<frozen importlib._bootstrap>", line 241, in _call_with_frames_removed
  File "/opt/airflow/dags/ml_pipeline.py", line 6
    from ../scripts import code
           ^
SyntaxError: invalid syntax
[2025-07-12T04:13:53.320+0000] {processor.py:842} WARNING - No viable dags retrieved from /opt/airflow/dags/ml_pipeline.py
[2025-07-12T04:13:53.347+0000] {processor.py:183} INFO - Processing /opt/airflow/dags/ml_pipeline.py took 0.051 seconds
[2025-07-12T04:14:07.418+0000] {processor.py:161} INFO - Started process (PID=255) to work on /opt/airflow/dags/ml_pipeline.py
[2025-07-12T04:14:07.427+0000] {processor.py:830} INFO - Processing file /opt/airflow/dags/ml_pipeline.py for tasks to queue
[2025-07-12T04:14:07.428+0000] {logging_mixin.py:188} INFO - [2025-07-12T04:14:07.428+0000] {dagbag.py:545} INFO - Filling up the DagBag from /opt/airflow/dags/ml_pipeline.py
[2025-07-12T04:14:07.434+0000] {logging_mixin.py:188} INFO - [2025-07-12T04:14:07.433+0000] {dagbag.py:355} ERROR - Failed to import: /opt/airflow/dags/ml_pipeline.py
Traceback (most recent call last):
  File "/home/airflow/.local/lib/python3.10/site-packages/airflow/models/dagbag.py", line 351, in parse
    loader.exec_module(new_module)
  File "<frozen importlib._bootstrap_external>", line 883, in exec_module
  File "<frozen importlib._bootstrap>", line 241, in _call_with_frames_removed
  File "/opt/airflow/dags/ml_pipeline.py", line 6, in <module>
    from scripts import code
ImportError: cannot import name 'code' from 'scripts' (unknown location)
[2025-07-12T04:14:07.435+0000] {processor.py:842} WARNING - No viable dags retrieved from /opt/airflow/dags/ml_pipeline.py
[2025-07-12T04:14:07.462+0000] {processor.py:183} INFO - Processing /opt/airflow/dags/ml_pipeline.py took 0.053 seconds
[2025-07-12T04:14:37.610+0000] {processor.py:161} INFO - Started process (PID=262) to work on /opt/airflow/dags/ml_pipeline.py
[2025-07-12T04:14:37.619+0000] {processor.py:830} INFO - Processing file /opt/airflow/dags/ml_pipeline.py for tasks to queue
[2025-07-12T04:14:37.620+0000] {logging_mixin.py:188} INFO - [2025-07-12T04:14:37.620+0000] {dagbag.py:545} INFO - Filling up the DagBag from /opt/airflow/dags/ml_pipeline.py
[2025-07-12T04:14:37.624+0000] {logging_mixin.py:188} INFO - [2025-07-12T04:14:37.623+0000] {dagbag.py:355} ERROR - Failed to import: /opt/airflow/dags/ml_pipeline.py
Traceback (most recent call last):
  File "/home/airflow/.local/lib/python3.10/site-packages/airflow/models/dagbag.py", line 351, in parse
    loader.exec_module(new_module)
  File "<frozen importlib._bootstrap_external>", line 883, in exec_module
  File "<frozen importlib._bootstrap>", line 241, in _call_with_frames_removed
  File "/opt/airflow/dags/ml_pipeline.py", line 6, in <module>
    from scripts import code
ImportError: cannot import name 'code' from 'scripts' (unknown location)
[2025-07-12T04:14:37.625+0000] {processor.py:842} WARNING - No viable dags retrieved from /opt/airflow/dags/ml_pipeline.py
[2025-07-12T04:14:37.653+0000] {processor.py:183} INFO - Processing /opt/airflow/dags/ml_pipeline.py took 0.051 seconds
[2025-07-12T04:14:47.688+0000] {processor.py:161} INFO - Started process (PID=267) to work on /opt/airflow/dags/ml_pipeline.py
[2025-07-12T04:14:47.689+0000] {processor.py:830} INFO - Processing file /opt/airflow/dags/ml_pipeline.py for tasks to queue
[2025-07-12T04:14:47.690+0000] {logging_mixin.py:188} INFO - [2025-07-12T04:14:47.690+0000] {dagbag.py:545} INFO - Filling up the DagBag from /opt/airflow/dags/ml_pipeline.py
[2025-07-12T04:14:47.696+0000] {logging_mixin.py:188} INFO - [2025-07-12T04:14:47.695+0000] {dagbag.py:355} ERROR - Failed to import: /opt/airflow/dags/ml_pipeline.py
Traceback (most recent call last):
  File "/home/airflow/.local/lib/python3.10/site-packages/airflow/models/dagbag.py", line 351, in parse
    loader.exec_module(new_module)
  File "<frozen importlib._bootstrap_external>", line 883, in exec_module
  File "<frozen importlib._bootstrap>", line 241, in _call_with_frames_removed
  File "/opt/airflow/dags/ml_pipeline.py", line 6, in <module>
    from ..scripts import code
ImportError: attempted relative import with no known parent package
[2025-07-12T04:14:47.696+0000] {processor.py:842} WARNING - No viable dags retrieved from /opt/airflow/dags/ml_pipeline.py
[2025-07-12T04:14:47.723+0000] {processor.py:183} INFO - Processing /opt/airflow/dags/ml_pipeline.py took 0.044 seconds
[2025-07-12T04:15:01.805+0000] {processor.py:161} INFO - Started process (PID=272) to work on /opt/airflow/dags/ml_pipeline.py
[2025-07-12T04:15:01.814+0000] {processor.py:830} INFO - Processing file /opt/airflow/dags/ml_pipeline.py for tasks to queue
[2025-07-12T04:15:01.815+0000] {logging_mixin.py:188} INFO - [2025-07-12T04:15:01.815+0000] {dagbag.py:545} INFO - Filling up the DagBag from /opt/airflow/dags/ml_pipeline.py
[2025-07-12T04:15:01.823+0000] {logging_mixin.py:188} INFO - [2025-07-12T04:15:01.822+0000] {dagbag.py:355} ERROR - Failed to import: /opt/airflow/dags/ml_pipeline.py
Traceback (most recent call last):
  File "/home/airflow/.local/lib/python3.10/site-packages/airflow/models/dagbag.py", line 351, in parse
    loader.exec_module(new_module)
  File "<frozen importlib._bootstrap_external>", line 883, in exec_module
  File "<frozen importlib._bootstrap>", line 241, in _call_with_frames_removed
  File "/opt/airflow/dags/ml_pipeline.py", line 6, in <module>
    from scripts import code
ImportError: cannot import name 'code' from 'scripts' (unknown location)
[2025-07-12T04:15:01.823+0000] {processor.py:842} WARNING - No viable dags retrieved from /opt/airflow/dags/ml_pipeline.py
[2025-07-12T04:15:01.850+0000] {processor.py:183} INFO - Processing /opt/airflow/dags/ml_pipeline.py took 0.054 seconds
[2025-07-12T04:15:31.997+0000] {processor.py:161} INFO - Started process (PID=277) to work on /opt/airflow/dags/ml_pipeline.py
[2025-07-12T04:15:32.006+0000] {processor.py:830} INFO - Processing file /opt/airflow/dags/ml_pipeline.py for tasks to queue
[2025-07-12T04:15:32.008+0000] {logging_mixin.py:188} INFO - [2025-07-12T04:15:32.007+0000] {dagbag.py:545} INFO - Filling up the DagBag from /opt/airflow/dags/ml_pipeline.py
[2025-07-12T04:15:32.012+0000] {logging_mixin.py:188} INFO - [2025-07-12T04:15:32.011+0000] {dagbag.py:355} ERROR - Failed to import: /opt/airflow/dags/ml_pipeline.py
Traceback (most recent call last):
  File "/home/airflow/.local/lib/python3.10/site-packages/airflow/models/dagbag.py", line 351, in parse
    loader.exec_module(new_module)
  File "<frozen importlib._bootstrap_external>", line 883, in exec_module
  File "<frozen importlib._bootstrap>", line 241, in _call_with_frames_removed
  File "/opt/airflow/dags/ml_pipeline.py", line 6, in <module>
    from scripts import code
ImportError: cannot import name 'code' from 'scripts' (unknown location)
[2025-07-12T04:15:32.012+0000] {processor.py:842} WARNING - No viable dags retrieved from /opt/airflow/dags/ml_pipeline.py
[2025-07-12T04:15:32.045+0000] {processor.py:183} INFO - Processing /opt/airflow/dags/ml_pipeline.py took 0.056 seconds
[2025-07-12T04:15:37.049+0000] {processor.py:161} INFO - Started process (PID=282) to work on /opt/airflow/dags/ml_pipeline.py
[2025-07-12T04:15:37.050+0000] {processor.py:830} INFO - Processing file /opt/airflow/dags/ml_pipeline.py for tasks to queue
[2025-07-12T04:15:37.051+0000] {logging_mixin.py:188} INFO - [2025-07-12T04:15:37.050+0000] {dagbag.py:545} INFO - Filling up the DagBag from /opt/airflow/dags/ml_pipeline.py
[2025-07-12T04:15:37.056+0000] {logging_mixin.py:188} INFO - [2025-07-12T04:15:37.055+0000] {dagbag.py:355} ERROR - Failed to import: /opt/airflow/dags/ml_pipeline.py
Traceback (most recent call last):
  File "/home/airflow/.local/lib/python3.10/site-packages/airflow/models/dagbag.py", line 351, in parse
    loader.exec_module(new_module)
  File "<frozen importlib._bootstrap_external>", line 883, in exec_module
  File "<frozen importlib._bootstrap>", line 241, in _call_with_frames_removed
  File "/opt/airflow/dags/ml_pipeline.py", line 6, in <module>
    from scripts import code
ImportError: cannot import name 'code' from 'scripts' (unknown location)
[2025-07-12T04:15:37.057+0000] {processor.py:842} WARNING - No viable dags retrieved from /opt/airflow/dags/ml_pipeline.py
[2025-07-12T04:15:37.083+0000] {processor.py:183} INFO - Processing /opt/airflow/dags/ml_pipeline.py took 0.045 seconds
[2025-07-12T04:15:58.210+0000] {processor.py:161} INFO - Started process (PID=287) to work on /opt/airflow/dags/ml_pipeline.py
[2025-07-12T04:15:58.219+0000] {processor.py:830} INFO - Processing file /opt/airflow/dags/ml_pipeline.py for tasks to queue
[2025-07-12T04:15:58.220+0000] {logging_mixin.py:188} INFO - [2025-07-12T04:15:58.220+0000] {dagbag.py:545} INFO - Filling up the DagBag from /opt/airflow/dags/ml_pipeline.py
[2025-07-12T04:15:58.225+0000] {logging_mixin.py:188} INFO - [2025-07-12T04:15:58.224+0000] {dagbag.py:355} ERROR - Failed to import: /opt/airflow/dags/ml_pipeline.py
Traceback (most recent call last):
  File "/home/airflow/.local/lib/python3.10/site-packages/airflow/models/dagbag.py", line 351, in parse
    loader.exec_module(new_module)
  File "<frozen importlib._bootstrap_external>", line 883, in exec_module
  File "<frozen importlib._bootstrap>", line 241, in _call_with_frames_removed
  File "/opt/airflow/dags/ml_pipeline.py", line 6, in <module>
    from scripts import code
ImportError: cannot import name 'code' from 'scripts' (unknown location)
[2025-07-12T04:15:58.225+0000] {processor.py:842} WARNING - No viable dags retrieved from /opt/airflow/dags/ml_pipeline.py
[2025-07-12T04:15:58.251+0000] {processor.py:183} INFO - Processing /opt/airflow/dags/ml_pipeline.py took 0.048 seconds
[2025-07-12T04:16:28.386+0000] {processor.py:161} INFO - Started process (PID=293) to work on /opt/airflow/dags/ml_pipeline.py
[2025-07-12T04:16:28.396+0000] {processor.py:830} INFO - Processing file /opt/airflow/dags/ml_pipeline.py for tasks to queue
[2025-07-12T04:16:28.398+0000] {logging_mixin.py:188} INFO - [2025-07-12T04:16:28.397+0000] {dagbag.py:545} INFO - Filling up the DagBag from /opt/airflow/dags/ml_pipeline.py
[2025-07-12T04:16:28.402+0000] {logging_mixin.py:188} INFO - [2025-07-12T04:16:28.401+0000] {dagbag.py:355} ERROR - Failed to import: /opt/airflow/dags/ml_pipeline.py
Traceback (most recent call last):
  File "/home/airflow/.local/lib/python3.10/site-packages/airflow/models/dagbag.py", line 351, in parse
    loader.exec_module(new_module)
  File "<frozen importlib._bootstrap_external>", line 883, in exec_module
  File "<frozen importlib._bootstrap>", line 241, in _call_with_frames_removed
  File "/opt/airflow/dags/ml_pipeline.py", line 6, in <module>
    from scripts import code
ImportError: cannot import name 'code' from 'scripts' (unknown location)
[2025-07-12T04:16:28.403+0000] {processor.py:842} WARNING - No viable dags retrieved from /opt/airflow/dags/ml_pipeline.py
[2025-07-12T04:16:28.434+0000] {processor.py:183} INFO - Processing /opt/airflow/dags/ml_pipeline.py took 0.058 seconds
[2025-07-12T04:16:58.569+0000] {processor.py:161} INFO - Started process (PID=298) to work on /opt/airflow/dags/ml_pipeline.py
[2025-07-12T04:16:58.578+0000] {processor.py:830} INFO - Processing file /opt/airflow/dags/ml_pipeline.py for tasks to queue
[2025-07-12T04:16:58.580+0000] {logging_mixin.py:188} INFO - [2025-07-12T04:16:58.579+0000] {dagbag.py:545} INFO - Filling up the DagBag from /opt/airflow/dags/ml_pipeline.py
[2025-07-12T04:16:58.585+0000] {logging_mixin.py:188} INFO - [2025-07-12T04:16:58.584+0000] {dagbag.py:355} ERROR - Failed to import: /opt/airflow/dags/ml_pipeline.py
Traceback (most recent call last):
  File "/home/airflow/.local/lib/python3.10/site-packages/airflow/models/dagbag.py", line 351, in parse
    loader.exec_module(new_module)
  File "<frozen importlib._bootstrap_external>", line 883, in exec_module
  File "<frozen importlib._bootstrap>", line 241, in _call_with_frames_removed
  File "/opt/airflow/dags/ml_pipeline.py", line 6, in <module>
    from scripts import code
ImportError: cannot import name 'code' from 'scripts' (unknown location)
[2025-07-12T04:16:58.585+0000] {processor.py:842} WARNING - No viable dags retrieved from /opt/airflow/dags/ml_pipeline.py
[2025-07-12T04:16:58.616+0000] {processor.py:183} INFO - Processing /opt/airflow/dags/ml_pipeline.py took 0.058 seconds
[2025-07-12T04:17:00.613+0000] {processor.py:161} INFO - Started process (PID=303) to work on /opt/airflow/dags/ml_pipeline.py
[2025-07-12T04:17:00.614+0000] {processor.py:830} INFO - Processing file /opt/airflow/dags/ml_pipeline.py for tasks to queue
[2025-07-12T04:17:00.616+0000] {logging_mixin.py:188} INFO - [2025-07-12T04:17:00.615+0000] {dagbag.py:545} INFO - Filling up the DagBag from /opt/airflow/dags/ml_pipeline.py
[2025-07-12T04:17:00.634+0000] {processor.py:840} INFO - DAG(s) 'ml_pipeline' retrieved from /opt/airflow/dags/ml_pipeline.py
[2025-07-12T04:17:00.796+0000] {logging_mixin.py:188} INFO - [2025-07-12T04:17:00.796+0000] {dag.py:3096} INFO - Sync 1 DAGs
[2025-07-12T04:17:00.828+0000] {logging_mixin.py:188} INFO - [2025-07-12T04:17:00.827+0000] {dag.py:3954} INFO - Setting next_dagrun for ml_pipeline to 2025-07-11 00:00:00+00:00, run_after=2025-07-12 00:00:00+00:00
[2025-07-12T04:17:00.860+0000] {processor.py:183} INFO - Processing /opt/airflow/dags/ml_pipeline.py took 0.257 seconds
[2025-07-12T04:17:31.038+0000] {processor.py:161} INFO - Started process (PID=349) to work on /opt/airflow/dags/ml_pipeline.py
[2025-07-12T04:17:31.047+0000] {processor.py:830} INFO - Processing file /opt/airflow/dags/ml_pipeline.py for tasks to queue
[2025-07-12T04:17:31.049+0000] {logging_mixin.py:188} INFO - [2025-07-12T04:17:31.048+0000] {dagbag.py:545} INFO - Filling up the DagBag from /opt/airflow/dags/ml_pipeline.py
[2025-07-12T04:17:31.067+0000] {processor.py:840} INFO - DAG(s) 'ml_pipeline' retrieved from /opt/airflow/dags/ml_pipeline.py
[2025-07-12T04:17:31.105+0000] {logging_mixin.py:188} INFO - [2025-07-12T04:17:31.105+0000] {dag.py:3096} INFO - Sync 1 DAGs
[2025-07-12T04:17:31.137+0000] {logging_mixin.py:188} INFO - [2025-07-12T04:17:31.137+0000] {dag.py:3954} INFO - Setting next_dagrun for ml_pipeline to 2025-07-12 00:00:00+00:00, run_after=2025-07-13 00:00:00+00:00
[2025-07-12T04:17:31.168+0000] {processor.py:183} INFO - Processing /opt/airflow/dags/ml_pipeline.py took 0.140 seconds
[2025-07-12T04:18:01.350+0000] {processor.py:161} INFO - Started process (PID=356) to work on /opt/airflow/dags/ml_pipeline.py
[2025-07-12T04:18:01.359+0000] {processor.py:830} INFO - Processing file /opt/airflow/dags/ml_pipeline.py for tasks to queue
[2025-07-12T04:18:01.361+0000] {logging_mixin.py:188} INFO - [2025-07-12T04:18:01.360+0000] {dagbag.py:545} INFO - Filling up the DagBag from /opt/airflow/dags/ml_pipeline.py
[2025-07-12T04:18:01.379+0000] {processor.py:840} INFO - DAG(s) 'ml_pipeline' retrieved from /opt/airflow/dags/ml_pipeline.py
[2025-07-12T04:18:01.417+0000] {logging_mixin.py:188} INFO - [2025-07-12T04:18:01.416+0000] {dag.py:3096} INFO - Sync 1 DAGs
[2025-07-12T04:18:01.450+0000] {logging_mixin.py:188} INFO - [2025-07-12T04:18:01.449+0000] {dag.py:3954} INFO - Setting next_dagrun for ml_pipeline to 2025-07-12 00:00:00+00:00, run_after=2025-07-13 00:00:00+00:00
[2025-07-12T04:18:01.485+0000] {processor.py:183} INFO - Processing /opt/airflow/dags/ml_pipeline.py took 0.145 seconds
[2025-07-12T04:18:31.664+0000] {processor.py:161} INFO - Started process (PID=398) to work on /opt/airflow/dags/ml_pipeline.py
[2025-07-12T04:18:31.673+0000] {processor.py:830} INFO - Processing file /opt/airflow/dags/ml_pipeline.py for tasks to queue
[2025-07-12T04:18:31.675+0000] {logging_mixin.py:188} INFO - [2025-07-12T04:18:31.674+0000] {dagbag.py:545} INFO - Filling up the DagBag from /opt/airflow/dags/ml_pipeline.py
[2025-07-12T04:18:31.691+0000] {processor.py:840} INFO - DAG(s) 'ml_pipeline' retrieved from /opt/airflow/dags/ml_pipeline.py
[2025-07-12T04:18:31.731+0000] {logging_mixin.py:188} INFO - [2025-07-12T04:18:31.731+0000] {dag.py:3096} INFO - Sync 1 DAGs
[2025-07-12T04:18:31.763+0000] {logging_mixin.py:188} INFO - [2025-07-12T04:18:31.763+0000] {dag.py:3954} INFO - Setting next_dagrun for ml_pipeline to 2025-07-12 00:00:00+00:00, run_after=2025-07-13 00:00:00+00:00
[2025-07-12T04:18:31.789+0000] {processor.py:183} INFO - Processing /opt/airflow/dags/ml_pipeline.py took 0.134 seconds
[2025-07-12T04:19:01.965+0000] {processor.py:161} INFO - Started process (PID=403) to work on /opt/airflow/dags/ml_pipeline.py
[2025-07-12T04:19:01.974+0000] {processor.py:830} INFO - Processing file /opt/airflow/dags/ml_pipeline.py for tasks to queue
[2025-07-12T04:19:01.976+0000] {logging_mixin.py:188} INFO - [2025-07-12T04:19:01.976+0000] {dagbag.py:545} INFO - Filling up the DagBag from /opt/airflow/dags/ml_pipeline.py
[2025-07-12T04:19:01.994+0000] {processor.py:840} INFO - DAG(s) 'ml_pipeline' retrieved from /opt/airflow/dags/ml_pipeline.py
[2025-07-12T04:19:02.033+0000] {logging_mixin.py:188} INFO - [2025-07-12T04:19:02.033+0000] {dag.py:3096} INFO - Sync 1 DAGs
[2025-07-12T04:19:02.065+0000] {logging_mixin.py:188} INFO - [2025-07-12T04:19:02.065+0000] {dag.py:3954} INFO - Setting next_dagrun for ml_pipeline to 2025-07-12 00:00:00+00:00, run_after=2025-07-13 00:00:00+00:00
[2025-07-12T04:19:02.101+0000] {processor.py:183} INFO - Processing /opt/airflow/dags/ml_pipeline.py took 0.144 seconds
[2025-07-12T04:19:32.268+0000] {processor.py:161} INFO - Started process (PID=454) to work on /opt/airflow/dags/ml_pipeline.py
[2025-07-12T04:19:32.276+0000] {processor.py:830} INFO - Processing file /opt/airflow/dags/ml_pipeline.py for tasks to queue
[2025-07-12T04:19:32.277+0000] {logging_mixin.py:188} INFO - [2025-07-12T04:19:32.277+0000] {dagbag.py:545} INFO - Filling up the DagBag from /opt/airflow/dags/ml_pipeline.py
[2025-07-12T04:19:32.287+0000] {processor.py:840} INFO - DAG(s) 'ml_pipeline' retrieved from /opt/airflow/dags/ml_pipeline.py
[2025-07-12T04:19:32.309+0000] {logging_mixin.py:188} INFO - [2025-07-12T04:19:32.308+0000] {dag.py:3096} INFO - Sync 1 DAGs
[2025-07-12T04:19:32.327+0000] {logging_mixin.py:188} INFO - [2025-07-12T04:19:32.327+0000] {dag.py:3954} INFO - Setting next_dagrun for ml_pipeline to 2025-07-12 00:00:00+00:00, run_after=2025-07-13 00:00:00+00:00
[2025-07-12T04:19:32.341+0000] {processor.py:183} INFO - Processing /opt/airflow/dags/ml_pipeline.py took 0.079 seconds
[2025-07-12T04:20:02.442+0000] {processor.py:161} INFO - Started process (PID=459) to work on /opt/airflow/dags/ml_pipeline.py
[2025-07-12T04:20:02.451+0000] {processor.py:830} INFO - Processing file /opt/airflow/dags/ml_pipeline.py for tasks to queue
[2025-07-12T04:20:02.453+0000] {logging_mixin.py:188} INFO - [2025-07-12T04:20:02.452+0000] {dagbag.py:545} INFO - Filling up the DagBag from /opt/airflow/dags/ml_pipeline.py
[2025-07-12T04:20:02.471+0000] {processor.py:840} INFO - DAG(s) 'ml_pipeline' retrieved from /opt/airflow/dags/ml_pipeline.py
[2025-07-12T04:20:02.509+0000] {logging_mixin.py:188} INFO - [2025-07-12T04:20:02.509+0000] {dag.py:3096} INFO - Sync 1 DAGs
[2025-07-12T04:20:02.541+0000] {logging_mixin.py:188} INFO - [2025-07-12T04:20:02.540+0000] {dag.py:3954} INFO - Setting next_dagrun for ml_pipeline to 2025-07-12 00:00:00+00:00, run_after=2025-07-13 00:00:00+00:00
[2025-07-12T04:20:02.573+0000] {processor.py:183} INFO - Processing /opt/airflow/dags/ml_pipeline.py took 0.140 seconds
[2025-07-12T04:20:32.680+0000] {processor.py:161} INFO - Started process (PID=464) to work on /opt/airflow/dags/ml_pipeline.py
[2025-07-12T04:20:32.690+0000] {processor.py:830} INFO - Processing file /opt/airflow/dags/ml_pipeline.py for tasks to queue
[2025-07-12T04:20:32.691+0000] {logging_mixin.py:188} INFO - [2025-07-12T04:20:32.691+0000] {dagbag.py:545} INFO - Filling up the DagBag from /opt/airflow/dags/ml_pipeline.py
[2025-07-12T04:20:32.710+0000] {processor.py:840} INFO - DAG(s) 'ml_pipeline' retrieved from /opt/airflow/dags/ml_pipeline.py
[2025-07-12T04:20:32.747+0000] {logging_mixin.py:188} INFO - [2025-07-12T04:20:32.747+0000] {dag.py:3096} INFO - Sync 1 DAGs
[2025-07-12T04:20:32.775+0000] {logging_mixin.py:188} INFO - [2025-07-12T04:20:32.775+0000] {dag.py:3954} INFO - Setting next_dagrun for ml_pipeline to 2025-07-12 00:00:00+00:00, run_after=2025-07-13 00:00:00+00:00
[2025-07-12T04:20:32.796+0000] {processor.py:183} INFO - Processing /opt/airflow/dags/ml_pipeline.py took 0.125 seconds
[2025-07-12T04:21:02.906+0000] {processor.py:161} INFO - Started process (PID=469) to work on /opt/airflow/dags/ml_pipeline.py
[2025-07-12T04:21:02.907+0000] {processor.py:830} INFO - Processing file /opt/airflow/dags/ml_pipeline.py for tasks to queue
[2025-07-12T04:21:02.909+0000] {logging_mixin.py:188} INFO - [2025-07-12T04:21:02.908+0000] {dagbag.py:545} INFO - Filling up the DagBag from /opt/airflow/dags/ml_pipeline.py
[2025-07-12T04:21:02.925+0000] {processor.py:840} INFO - DAG(s) 'ml_pipeline' retrieved from /opt/airflow/dags/ml_pipeline.py
[2025-07-12T04:21:02.961+0000] {logging_mixin.py:188} INFO - [2025-07-12T04:21:02.961+0000] {dag.py:3096} INFO - Sync 1 DAGs
[2025-07-12T04:21:02.990+0000] {logging_mixin.py:188} INFO - [2025-07-12T04:21:02.989+0000] {dag.py:3954} INFO - Setting next_dagrun for ml_pipeline to 2025-07-12 00:00:00+00:00, run_after=2025-07-13 00:00:00+00:00
[2025-07-12T04:21:03.012+0000] {processor.py:183} INFO - Processing /opt/airflow/dags/ml_pipeline.py took 0.114 seconds
[2025-07-12T04:21:33.140+0000] {processor.py:161} INFO - Started process (PID=474) to work on /opt/airflow/dags/ml_pipeline.py
[2025-07-12T04:21:33.142+0000] {processor.py:830} INFO - Processing file /opt/airflow/dags/ml_pipeline.py for tasks to queue
[2025-07-12T04:21:33.143+0000] {logging_mixin.py:188} INFO - [2025-07-12T04:21:33.143+0000] {dagbag.py:545} INFO - Filling up the DagBag from /opt/airflow/dags/ml_pipeline.py
[2025-07-12T04:21:33.162+0000] {processor.py:840} INFO - DAG(s) 'ml_pipeline' retrieved from /opt/airflow/dags/ml_pipeline.py
[2025-07-12T04:21:33.200+0000] {logging_mixin.py:188} INFO - [2025-07-12T04:21:33.199+0000] {dag.py:3096} INFO - Sync 1 DAGs
[2025-07-12T04:21:33.233+0000] {logging_mixin.py:188} INFO - [2025-07-12T04:21:33.232+0000] {dag.py:3954} INFO - Setting next_dagrun for ml_pipeline to 2025-07-12 00:00:00+00:00, run_after=2025-07-13 00:00:00+00:00
[2025-07-12T04:21:33.261+0000] {processor.py:183} INFO - Processing /opt/airflow/dags/ml_pipeline.py took 0.130 seconds
[2025-07-12T04:22:03.352+0000] {processor.py:161} INFO - Started process (PID=479) to work on /opt/airflow/dags/ml_pipeline.py
[2025-07-12T04:22:03.356+0000] {processor.py:830} INFO - Processing file /opt/airflow/dags/ml_pipeline.py for tasks to queue
[2025-07-12T04:22:03.357+0000] {logging_mixin.py:188} INFO - [2025-07-12T04:22:03.357+0000] {dagbag.py:545} INFO - Filling up the DagBag from /opt/airflow/dags/ml_pipeline.py
[2025-07-12T04:22:03.374+0000] {processor.py:840} INFO - DAG(s) 'ml_pipeline' retrieved from /opt/airflow/dags/ml_pipeline.py
[2025-07-12T04:22:03.408+0000] {logging_mixin.py:188} INFO - [2025-07-12T04:22:03.408+0000] {dag.py:3096} INFO - Sync 1 DAGs
[2025-07-12T04:22:03.440+0000] {logging_mixin.py:188} INFO - [2025-07-12T04:22:03.440+0000] {dag.py:3954} INFO - Setting next_dagrun for ml_pipeline to 2025-07-12 00:00:00+00:00, run_after=2025-07-13 00:00:00+00:00
[2025-07-12T04:22:03.461+0000] {processor.py:183} INFO - Processing /opt/airflow/dags/ml_pipeline.py took 0.119 seconds
[2025-07-12T04:22:33.621+0000] {processor.py:161} INFO - Started process (PID=484) to work on /opt/airflow/dags/ml_pipeline.py
[2025-07-12T04:22:33.630+0000] {processor.py:830} INFO - Processing file /opt/airflow/dags/ml_pipeline.py for tasks to queue
[2025-07-12T04:22:33.631+0000] {logging_mixin.py:188} INFO - [2025-07-12T04:22:33.631+0000] {dagbag.py:545} INFO - Filling up the DagBag from /opt/airflow/dags/ml_pipeline.py
[2025-07-12T04:22:33.647+0000] {processor.py:840} INFO - DAG(s) 'ml_pipeline' retrieved from /opt/airflow/dags/ml_pipeline.py
[2025-07-12T04:22:33.685+0000] {logging_mixin.py:188} INFO - [2025-07-12T04:22:33.685+0000] {dag.py:3096} INFO - Sync 1 DAGs
[2025-07-12T04:22:33.722+0000] {logging_mixin.py:188} INFO - [2025-07-12T04:22:33.721+0000] {dag.py:3954} INFO - Setting next_dagrun for ml_pipeline to 2025-07-12 00:00:00+00:00, run_after=2025-07-13 00:00:00+00:00
[2025-07-12T04:22:33.756+0000] {processor.py:183} INFO - Processing /opt/airflow/dags/ml_pipeline.py took 0.145 seconds
[2025-07-12T04:23:03.801+0000] {processor.py:161} INFO - Started process (PID=489) to work on /opt/airflow/dags/ml_pipeline.py
[2025-07-12T04:23:03.810+0000] {processor.py:830} INFO - Processing file /opt/airflow/dags/ml_pipeline.py for tasks to queue
[2025-07-12T04:23:03.812+0000] {logging_mixin.py:188} INFO - [2025-07-12T04:23:03.811+0000] {dagbag.py:545} INFO - Filling up the DagBag from /opt/airflow/dags/ml_pipeline.py
[2025-07-12T04:23:03.829+0000] {processor.py:840} INFO - DAG(s) 'ml_pipeline' retrieved from /opt/airflow/dags/ml_pipeline.py
[2025-07-12T04:23:03.868+0000] {logging_mixin.py:188} INFO - [2025-07-12T04:23:03.867+0000] {dag.py:3096} INFO - Sync 1 DAGs
[2025-07-12T04:23:03.899+0000] {logging_mixin.py:188} INFO - [2025-07-12T04:23:03.898+0000] {dag.py:3954} INFO - Setting next_dagrun for ml_pipeline to 2025-07-12 00:00:00+00:00, run_after=2025-07-13 00:00:00+00:00
[2025-07-12T04:23:03.921+0000] {processor.py:183} INFO - Processing /opt/airflow/dags/ml_pipeline.py took 0.129 seconds
[2025-07-12T04:23:34.106+0000] {processor.py:161} INFO - Started process (PID=494) to work on /opt/airflow/dags/ml_pipeline.py
[2025-07-12T04:23:34.115+0000] {processor.py:830} INFO - Processing file /opt/airflow/dags/ml_pipeline.py for tasks to queue
[2025-07-12T04:23:34.116+0000] {logging_mixin.py:188} INFO - [2025-07-12T04:23:34.116+0000] {dagbag.py:545} INFO - Filling up the DagBag from /opt/airflow/dags/ml_pipeline.py
[2025-07-12T04:23:34.134+0000] {processor.py:840} INFO - DAG(s) 'ml_pipeline' retrieved from /opt/airflow/dags/ml_pipeline.py
[2025-07-12T04:23:34.173+0000] {logging_mixin.py:188} INFO - [2025-07-12T04:23:34.172+0000] {dag.py:3096} INFO - Sync 1 DAGs
[2025-07-12T04:23:34.205+0000] {logging_mixin.py:188} INFO - [2025-07-12T04:23:34.205+0000] {dag.py:3954} INFO - Setting next_dagrun for ml_pipeline to 2025-07-12 00:00:00+00:00, run_after=2025-07-13 00:00:00+00:00
[2025-07-12T04:23:34.239+0000] {processor.py:183} INFO - Processing /opt/airflow/dags/ml_pipeline.py took 0.142 seconds
[2025-07-12T04:24:04.283+0000] {processor.py:161} INFO - Started process (PID=499) to work on /opt/airflow/dags/ml_pipeline.py
[2025-07-12T04:24:04.292+0000] {processor.py:830} INFO - Processing file /opt/airflow/dags/ml_pipeline.py for tasks to queue
[2025-07-12T04:24:04.294+0000] {logging_mixin.py:188} INFO - [2025-07-12T04:24:04.293+0000] {dagbag.py:545} INFO - Filling up the DagBag from /opt/airflow/dags/ml_pipeline.py
[2025-07-12T04:24:04.310+0000] {processor.py:840} INFO - DAG(s) 'ml_pipeline' retrieved from /opt/airflow/dags/ml_pipeline.py
[2025-07-12T04:24:04.349+0000] {logging_mixin.py:188} INFO - [2025-07-12T04:24:04.348+0000] {dag.py:3096} INFO - Sync 1 DAGs
[2025-07-12T04:24:04.386+0000] {logging_mixin.py:188} INFO - [2025-07-12T04:24:04.385+0000] {dag.py:3954} INFO - Setting next_dagrun for ml_pipeline to 2025-07-12 00:00:00+00:00, run_after=2025-07-13 00:00:00+00:00
[2025-07-12T04:24:04.424+0000] {processor.py:183} INFO - Processing /opt/airflow/dags/ml_pipeline.py took 0.151 seconds
[2025-07-12T04:24:34.588+0000] {processor.py:161} INFO - Started process (PID=504) to work on /opt/airflow/dags/ml_pipeline.py
[2025-07-12T04:24:34.597+0000] {processor.py:830} INFO - Processing file /opt/airflow/dags/ml_pipeline.py for tasks to queue
[2025-07-12T04:24:34.599+0000] {logging_mixin.py:188} INFO - [2025-07-12T04:24:34.598+0000] {dagbag.py:545} INFO - Filling up the DagBag from /opt/airflow/dags/ml_pipeline.py
[2025-07-12T04:24:34.616+0000] {processor.py:840} INFO - DAG(s) 'ml_pipeline' retrieved from /opt/airflow/dags/ml_pipeline.py
[2025-07-12T04:24:34.659+0000] {logging_mixin.py:188} INFO - [2025-07-12T04:24:34.658+0000] {dag.py:3096} INFO - Sync 1 DAGs
[2025-07-12T04:24:34.699+0000] {logging_mixin.py:188} INFO - [2025-07-12T04:24:34.698+0000] {dag.py:3954} INFO - Setting next_dagrun for ml_pipeline to 2025-07-12 00:00:00+00:00, run_after=2025-07-13 00:00:00+00:00
[2025-07-12T04:24:34.747+0000] {processor.py:183} INFO - Processing /opt/airflow/dags/ml_pipeline.py took 0.168 seconds
[2025-07-12T04:25:04.943+0000] {processor.py:161} INFO - Started process (PID=509) to work on /opt/airflow/dags/ml_pipeline.py
[2025-07-12T04:25:04.953+0000] {processor.py:830} INFO - Processing file /opt/airflow/dags/ml_pipeline.py for tasks to queue
[2025-07-12T04:25:04.954+0000] {logging_mixin.py:188} INFO - [2025-07-12T04:25:04.954+0000] {dagbag.py:545} INFO - Filling up the DagBag from /opt/airflow/dags/ml_pipeline.py
[2025-07-12T04:25:04.975+0000] {processor.py:840} INFO - DAG(s) 'ml_pipeline' retrieved from /opt/airflow/dags/ml_pipeline.py
[2025-07-12T04:25:05.020+0000] {logging_mixin.py:188} INFO - [2025-07-12T04:25:05.019+0000] {dag.py:3096} INFO - Sync 1 DAGs
[2025-07-12T04:25:05.052+0000] {logging_mixin.py:188} INFO - [2025-07-12T04:25:05.052+0000] {dag.py:3954} INFO - Setting next_dagrun for ml_pipeline to 2025-07-12 00:00:00+00:00, run_after=2025-07-13 00:00:00+00:00
[2025-07-12T04:25:05.085+0000] {processor.py:183} INFO - Processing /opt/airflow/dags/ml_pipeline.py took 0.153 seconds
[2025-07-12T04:25:35.266+0000] {processor.py:161} INFO - Started process (PID=514) to work on /opt/airflow/dags/ml_pipeline.py
[2025-07-12T04:25:35.276+0000] {processor.py:830} INFO - Processing file /opt/airflow/dags/ml_pipeline.py for tasks to queue
[2025-07-12T04:25:35.277+0000] {logging_mixin.py:188} INFO - [2025-07-12T04:25:35.277+0000] {dagbag.py:545} INFO - Filling up the DagBag from /opt/airflow/dags/ml_pipeline.py
[2025-07-12T04:25:35.293+0000] {processor.py:840} INFO - DAG(s) 'ml_pipeline' retrieved from /opt/airflow/dags/ml_pipeline.py
[2025-07-12T04:25:35.330+0000] {logging_mixin.py:188} INFO - [2025-07-12T04:25:35.330+0000] {dag.py:3096} INFO - Sync 1 DAGs
[2025-07-12T04:25:35.360+0000] {logging_mixin.py:188} INFO - [2025-07-12T04:25:35.360+0000] {dag.py:3954} INFO - Setting next_dagrun for ml_pipeline to 2025-07-12 00:00:00+00:00, run_after=2025-07-13 00:00:00+00:00
[2025-07-12T04:25:35.383+0000] {processor.py:183} INFO - Processing /opt/airflow/dags/ml_pipeline.py took 0.125 seconds
[2025-07-12T04:26:05.447+0000] {processor.py:161} INFO - Started process (PID=519) to work on /opt/airflow/dags/ml_pipeline.py
[2025-07-12T04:26:05.457+0000] {processor.py:830} INFO - Processing file /opt/airflow/dags/ml_pipeline.py for tasks to queue
[2025-07-12T04:26:05.459+0000] {logging_mixin.py:188} INFO - [2025-07-12T04:26:05.458+0000] {dagbag.py:545} INFO - Filling up the DagBag from /opt/airflow/dags/ml_pipeline.py
[2025-07-12T04:26:05.479+0000] {processor.py:840} INFO - DAG(s) 'ml_pipeline' retrieved from /opt/airflow/dags/ml_pipeline.py
[2025-07-12T04:26:05.525+0000] {logging_mixin.py:188} INFO - [2025-07-12T04:26:05.525+0000] {dag.py:3096} INFO - Sync 1 DAGs
[2025-07-12T04:26:05.563+0000] {logging_mixin.py:188} INFO - [2025-07-12T04:26:05.563+0000] {dag.py:3954} INFO - Setting next_dagrun for ml_pipeline to 2025-07-12 00:00:00+00:00, run_after=2025-07-13 00:00:00+00:00
[2025-07-12T04:26:05.601+0000] {processor.py:183} INFO - Processing /opt/airflow/dags/ml_pipeline.py took 0.165 seconds
[2025-07-12T04:26:35.731+0000] {processor.py:161} INFO - Started process (PID=524) to work on /opt/airflow/dags/ml_pipeline.py
[2025-07-12T04:26:35.732+0000] {processor.py:830} INFO - Processing file /opt/airflow/dags/ml_pipeline.py for tasks to queue
[2025-07-12T04:26:35.733+0000] {logging_mixin.py:188} INFO - [2025-07-12T04:26:35.733+0000] {dagbag.py:545} INFO - Filling up the DagBag from /opt/airflow/dags/ml_pipeline.py
[2025-07-12T04:26:35.750+0000] {processor.py:840} INFO - DAG(s) 'ml_pipeline' retrieved from /opt/airflow/dags/ml_pipeline.py
[2025-07-12T04:26:35.787+0000] {logging_mixin.py:188} INFO - [2025-07-12T04:26:35.787+0000] {dag.py:3096} INFO - Sync 1 DAGs
[2025-07-12T04:26:35.817+0000] {logging_mixin.py:188} INFO - [2025-07-12T04:26:35.817+0000] {dag.py:3954} INFO - Setting next_dagrun for ml_pipeline to 2025-07-12 00:00:00+00:00, run_after=2025-07-13 00:00:00+00:00
[2025-07-12T04:26:35.840+0000] {processor.py:183} INFO - Processing /opt/airflow/dags/ml_pipeline.py took 0.119 seconds
[2025-07-12T04:27:05.940+0000] {processor.py:161} INFO - Started process (PID=529) to work on /opt/airflow/dags/ml_pipeline.py
[2025-07-12T04:27:05.949+0000] {processor.py:830} INFO - Processing file /opt/airflow/dags/ml_pipeline.py for tasks to queue
[2025-07-12T04:27:05.951+0000] {logging_mixin.py:188} INFO - [2025-07-12T04:27:05.950+0000] {dagbag.py:545} INFO - Filling up the DagBag from /opt/airflow/dags/ml_pipeline.py
[2025-07-12T04:27:05.966+0000] {processor.py:840} INFO - DAG(s) 'ml_pipeline' retrieved from /opt/airflow/dags/ml_pipeline.py
[2025-07-12T04:27:06.002+0000] {logging_mixin.py:188} INFO - [2025-07-12T04:27:06.001+0000] {dag.py:3096} INFO - Sync 1 DAGs
[2025-07-12T04:27:06.031+0000] {logging_mixin.py:188} INFO - [2025-07-12T04:27:06.030+0000] {dag.py:3954} INFO - Setting next_dagrun for ml_pipeline to 2025-07-12 00:00:00+00:00, run_after=2025-07-13 00:00:00+00:00
[2025-07-12T04:27:06.052+0000] {processor.py:183} INFO - Processing /opt/airflow/dags/ml_pipeline.py took 0.121 seconds
[2025-07-12T04:27:36.178+0000] {processor.py:161} INFO - Started process (PID=534) to work on /opt/airflow/dags/ml_pipeline.py
[2025-07-12T04:27:36.187+0000] {processor.py:830} INFO - Processing file /opt/airflow/dags/ml_pipeline.py for tasks to queue
[2025-07-12T04:27:36.189+0000] {logging_mixin.py:188} INFO - [2025-07-12T04:27:36.189+0000] {dagbag.py:545} INFO - Filling up the DagBag from /opt/airflow/dags/ml_pipeline.py
[2025-07-12T04:27:36.206+0000] {processor.py:840} INFO - DAG(s) 'ml_pipeline' retrieved from /opt/airflow/dags/ml_pipeline.py
[2025-07-12T04:27:36.240+0000] {logging_mixin.py:188} INFO - [2025-07-12T04:27:36.239+0000] {dag.py:3096} INFO - Sync 1 DAGs
[2025-07-12T04:27:36.269+0000] {logging_mixin.py:188} INFO - [2025-07-12T04:27:36.269+0000] {dag.py:3954} INFO - Setting next_dagrun for ml_pipeline to 2025-07-12 00:00:00+00:00, run_after=2025-07-13 00:00:00+00:00
[2025-07-12T04:27:36.292+0000] {processor.py:183} INFO - Processing /opt/airflow/dags/ml_pipeline.py took 0.123 seconds
[2025-07-12T04:28:06.386+0000] {processor.py:161} INFO - Started process (PID=539) to work on /opt/airflow/dags/ml_pipeline.py
[2025-07-12T04:28:06.395+0000] {processor.py:830} INFO - Processing file /opt/airflow/dags/ml_pipeline.py for tasks to queue
[2025-07-12T04:28:06.397+0000] {logging_mixin.py:188} INFO - [2025-07-12T04:28:06.396+0000] {dagbag.py:545} INFO - Filling up the DagBag from /opt/airflow/dags/ml_pipeline.py
[2025-07-12T04:28:06.413+0000] {processor.py:840} INFO - DAG(s) 'ml_pipeline' retrieved from /opt/airflow/dags/ml_pipeline.py
[2025-07-12T04:28:06.449+0000] {logging_mixin.py:188} INFO - [2025-07-12T04:28:06.448+0000] {dag.py:3096} INFO - Sync 1 DAGs
[2025-07-12T04:28:06.478+0000] {logging_mixin.py:188} INFO - [2025-07-12T04:28:06.477+0000] {dag.py:3954} INFO - Setting next_dagrun for ml_pipeline to 2025-07-12 00:00:00+00:00, run_after=2025-07-13 00:00:00+00:00
[2025-07-12T04:28:06.502+0000] {processor.py:183} INFO - Processing /opt/airflow/dags/ml_pipeline.py took 0.124 seconds
[2025-07-12T04:28:36.641+0000] {processor.py:161} INFO - Started process (PID=544) to work on /opt/airflow/dags/ml_pipeline.py
[2025-07-12T04:28:36.642+0000] {processor.py:830} INFO - Processing file /opt/airflow/dags/ml_pipeline.py for tasks to queue
[2025-07-12T04:28:36.644+0000] {logging_mixin.py:188} INFO - [2025-07-12T04:28:36.643+0000] {dagbag.py:545} INFO - Filling up the DagBag from /opt/airflow/dags/ml_pipeline.py
[2025-07-12T04:28:36.660+0000] {processor.py:840} INFO - DAG(s) 'ml_pipeline' retrieved from /opt/airflow/dags/ml_pipeline.py
[2025-07-12T04:28:36.697+0000] {logging_mixin.py:188} INFO - [2025-07-12T04:28:36.696+0000] {dag.py:3096} INFO - Sync 1 DAGs
[2025-07-12T04:28:36.732+0000] {logging_mixin.py:188} INFO - [2025-07-12T04:28:36.731+0000] {dag.py:3954} INFO - Setting next_dagrun for ml_pipeline to 2025-07-12 00:00:00+00:00, run_after=2025-07-13 00:00:00+00:00
[2025-07-12T04:28:36.768+0000] {processor.py:183} INFO - Processing /opt/airflow/dags/ml_pipeline.py took 0.136 seconds
