[2025-07-12T04:17:02.176+0000] {local_task_job_runner.py:120} INFO - ::group::Pre task execution logs
[2025-07-12T04:17:02.212+0000] {taskinstance.py:2076} INFO - Dependencies all met for dep_context=non-requeueable deps ti=<TaskInstance: ml_pipeline.faked_dataset_creation_task scheduled__2025-07-11T00:00:00+00:00 [queued]>
[2025-07-12T04:17:02.222+0000] {taskinstance.py:2076} INFO - Dependencies all met for dep_context=requeueable deps ti=<TaskInstance: ml_pipeline.faked_dataset_creation_task scheduled__2025-07-11T00:00:00+00:00 [queued]>
[2025-07-12T04:17:02.222+0000] {taskinstance.py:2306} INFO - Starting attempt 1 of 1
[2025-07-12T04:17:02.239+0000] {taskinstance.py:2330} INFO - Executing <Task(BashOperator): faked_dataset_creation_task> on 2025-07-11 00:00:00+00:00
[2025-07-12T04:17:02.248+0000] {standard_task_runner.py:63} INFO - Started process 309 to run task
[2025-07-12T04:17:02.252+0000] {standard_task_runner.py:90} INFO - Running: ['***', 'tasks', 'run', 'ml_pipeline', 'faked_dataset_creation_task', 'scheduled__2025-07-11T00:00:00+00:00', '--job-id', '9', '--raw', '--subdir', 'DAGS_FOLDER/ml_pipeline.py', '--cfg-path', '/tmp/tmpdmxmng7w']
[2025-07-12T04:17:02.256+0000] {standard_task_runner.py:91} INFO - Job 9: Subtask faked_dataset_creation_task
[2025-07-12T04:17:02.322+0000] {task_command.py:426} INFO - Running <TaskInstance: ml_pipeline.faked_dataset_creation_task scheduled__2025-07-11T00:00:00+00:00 [running]> on host 9c8ac9649d23
[2025-07-12T04:17:02.440+0000] {taskinstance.py:2648} INFO - Exporting env vars: AIRFLOW_CTX_DAG_OWNER='Ebrahim Emad' AIRFLOW_CTX_DAG_ID='ml_pipeline' AIRFLOW_CTX_TASK_ID='faked_dataset_creation_task' AIRFLOW_CTX_EXECUTION_DATE='2025-07-11T00:00:00+00:00' AIRFLOW_CTX_TRY_NUMBER='1' AIRFLOW_CTX_DAG_RUN_ID='scheduled__2025-07-11T00:00:00+00:00'
[2025-07-12T04:17:02.441+0000] {taskinstance.py:430} INFO - ::endgroup::
[2025-07-12T04:17:02.466+0000] {subprocess.py:63} INFO - Tmp dir root location: /tmp
[2025-07-12T04:17:02.467+0000] {subprocess.py:75} INFO - Running command: ['/usr/bin/bash', '-c', '\n        echo "Hey the dataset is ready, let\'s trigger the training process"\n        ']
[2025-07-12T04:17:02.486+0000] {subprocess.py:86} INFO - Output:
[2025-07-12T04:17:02.488+0000] {subprocess.py:93} INFO - Hey the dataset is ready, let's trigger the training process
[2025-07-12T04:17:02.488+0000] {subprocess.py:97} INFO - Command exited with return code 0
[2025-07-12T04:17:02.489+0000] {taskinstance.py:441} INFO - ::group::Post task execution logs
[2025-07-12T04:17:02.524+0000] {taskinstance.py:1206} INFO - Marking task as SUCCESS. dag_id=ml_pipeline, task_id=faked_dataset_creation_task, run_id=scheduled__2025-07-11T00:00:00+00:00, execution_date=20250711T000000, start_date=20250712T041702, end_date=20250712T041702
[2025-07-12T04:17:02.585+0000] {local_task_job_runner.py:240} INFO - Task exited with return code 0
[2025-07-12T04:17:02.617+0000] {taskinstance.py:3498} INFO - 1 downstream tasks scheduled from follow-on schedule check
[2025-07-12T04:17:02.619+0000] {local_task_job_runner.py:222} INFO - ::endgroup::
